<?xml version="1.0" encoding="UTF-8"?>
<testng-results skipped="0" failed="0" total="1" passed="1">
  <reporter-output>
  </reporter-output>
  <suite name="Default suite" duration-ms="9678" started-at="2017-07-08T13:31:04Z" finished-at="2017-07-08T13:31:14Z">
    <groups>
    </groups>
    <test name="Default test" duration-ms="9678" started-at="2017-07-08T13:31:04Z" finished-at="2017-07-08T13:31:14Z">
      <class name="com.orangehrm.testcases.VerifyOrangeLogin">
        <test-method status="PASS" signature="verifyValidLogin()" name="verifyValidLogin" duration-ms="9665" started-at="2017-07-08T13:31:04Z" finished-at="2017-07-08T13:31:14Z">
        </test-method>
      </class>
    </test>
  </suite>
</testng-results>
